[    0.000000] Initializing cgroup subsys cpuset
[    0.000000] Initializing cgroup subsys cpu
[    0.000000] Initializing cgroup subsys cpuacct
[    0.000000] Linux version 4.4.0-187-generic (buildd@lgw01-amd64-035) (gcc version 5.4.0 20160609 (Ubuntu 5.4.0-6ubuntu1~16.04.12) ) #217-Ubuntu SMP Tue Jul 21 04:18:15 UTC 2020 (Ubuntu 4.4.0-187.217-generic 4.4.230)
[    0.000000] Command line: BOOT_IMAGE=/boot/vmlinuz-4.4.0-187-generic root=LABEL=cloudimg-rootfs ro console=tty1 console=ttyS0
[    0.000000] KERNEL supported cpus:
[    0.000000]   Intel GenuineIntel
[    0.000000]   AMD AuthenticAMD
[    0.000000]   Centaur CentaurHauls
[    0.000000] x86/fpu: xstate_offset[2]:  576, xstate_sizes[2]:  256
[    0.000000] x86/fpu: Supporting XSAVE feature 0x01: 'x87 floating point registers'
[    0.000000] x86/fpu: Supporting XSAVE feature 0x02: 'SSE registers'
[    0.000000] x86/fpu: Supporting XSAVE feature 0x04: 'AVX registers'
[    0.000000] x86/fpu: Enabled xstate features 0x7, context size is 832 bytes, using 'standard' format.
[    0.000000] e820: BIOS-provided physical RAM map:
[    0.000000] BIOS-e820: [mem 0x0000000000000000-0x000000000009fbff] usable
[    0.000000] BIOS-e820: [mem 0x000000000009fc00-0x000000000009ffff] reserved
[    0.000000] BIOS-e820: [mem 0x00000000000f0000-0x00000000000fffff] reserved
[    0.000000] BIOS-e820: [mem 0x0000000000100000-0x000000003ffeffff] usable
[    0.000000] BIOS-e820: [mem 0x000000003fff0000-0x000000003fffffff] ACPI data
[    0.000000] BIOS-e820: [mem 0x00000000fec00000-0x00000000fec00fff] reserved
[    0.000000] BIOS-e820: [mem 0x00000000fee00000-0x00000000fee00fff] reserved
[    0.000000] BIOS-e820: [mem 0x00000000fffc0000-0x00000000ffffffff] reserved
[    0.000000] NX (Execute Disable) protection: active
[    0.000000] SMBIOS 2.5 present.
[    0.000000] Hypervisor detected: KVM
[    0.000000] e820: last_pfn = 0x3fff0 max_arch_pfn = 0x400000000
[    0.000000] MTRR: Disabled
[    0.000000] x86/PAT: MTRRs disabled, skipping PAT initialization too.
[    0.000000] CPU MTRRs all blank - virtualized system.
[    0.000000] x86/PAT: Configuration [0-7]: WB  WT  UC- UC  WB  WT  UC- UC  
[    0.000000] found SMP MP-table at [mem 0x0009fff0-0x0009ffff] mapped at [ffff88000009fff0]
[    0.000000] Scanning 1 areas for low memory corruption
[    0.000000] RAMDISK: [mem 0x362de000-0x37166fff]
[    0.000000] ACPI: Early table checksum verification disabled
[    0.000000] ACPI: RSDP 0x00000000000E0000 000024 (v02 VBOX  )
[    0.000000] ACPI: XSDT 0x000000003FFF0030 00003C (v01 VBOX   VBOXXSDT 00000001 ASL  00000061)
[    0.000000] ACPI: FACP 0x000000003FFF00F0 0000F4 (v04 VBOX   VBOXFACP 00000001 ASL  00000061)
[    0.000000] ACPI: DSDT 0x000000003FFF0470 002325 (v02 VBOX   VBOXBIOS 00000002 INTL 20100528)
[    0.000000] ACPI: FACS 0x000000003FFF0200 000040
[    0.000000] ACPI: FACS 0x000000003FFF0200 000040
[    0.000000] ACPI: APIC 0x000000003FFF0240 00005C (v02 VBOX   VBOXAPIC 00000001 ASL  00000061)
[    0.000000] ACPI: SSDT 0x000000003FFF02A0 0001CC (v01 VBOX   VBOXCPUT 00000002 INTL 20100528)
[    0.000000] No NUMA configuration found
[    0.000000] Faking a node at [mem 0x0000000000000000-0x000000003ffeffff]
[    0.000000] NODE_DATA(0) allocated [mem 0x3ffeb000-0x3ffeffff]
[    0.000000] kvm-clock: Using msrs 4b564d01 and 4b564d00
[    0.000000] kvm-clock: cpu 0, msr 0:3ffe3001, primary cpu clock
[    0.000000] kvm-clock: using sched offset of 3166576768 cycles
[    0.000000] clocksource: kvm-clock: mask: 0xffffffffffffffff max_cycles: 0x1cd42e4dffb, max_idle_ns: 881590591483 ns
[    0.000000] Zone ranges:
[    0.000000]   DMA      [mem 0x0000000000001000-0x0000000000ffffff]
[    0.000000]   DMA32    [mem 0x0000000001000000-0x000000003ffeffff]
[    0.000000]   Normal   empty
[    0.000000]   Device   empty
[    0.000000] Movable zone start for each node
[    0.000000] Early memory node ranges
[    0.000000]   node   0: [mem 0x0000000000001000-0x000000000009efff]
[    0.000000]   node   0: [mem 0x0000000000100000-0x000000003ffeffff]
[    0.000000] Initmem setup node 0 [mem 0x0000000000001000-0x000000003ffeffff]
[    0.000000] ACPI: PM-Timer IO Port: 0x4008
[    0.000000] IOAPIC[0]: apic_id 2, version 32, address 0xfec00000, GSI 0-23
[    0.000000] ACPI: INT_SRC_OVR (bus 0 bus_irq 0 global_irq 2 dfl dfl)
[    0.000000] ACPI: INT_SRC_OVR (bus 0 bus_irq 9 global_irq 9 low level)
[    0.000000] Using ACPI (MADT) for SMP configuration information
[    0.000000] smpboot: Allowing 2 CPUs, 0 hotplug CPUs
[    0.000000] PM: Registered nosave memory: [mem 0x00000000-0x00000fff]
[    0.000000] PM: Registered nosave memory: [mem 0x0009f000-0x0009ffff]
[    0.000000] PM: Registered nosave memory: [mem 0x000a0000-0x000effff]
[    0.000000] PM: Registered nosave memory: [mem 0x000f0000-0x000fffff]
[    0.000000] e820: [mem 0x40000000-0xfebfffff] available for PCI devices
[    0.000000] Booting paravirtualized kernel on KVM
[    0.000000] clocksource: refined-jiffies: mask: 0xffffffff max_cycles: 0xffffffff, max_idle_ns: 7645519600211568 ns
[    0.000000] setup_percpu: NR_CPUS:512 nr_cpumask_bits:512 nr_cpu_ids:2 nr_node_ids:1
[    0.000000] PERCPU: Embedded 33 pages/cpu @ffff88003fc00000 s95512 r8192 d31464 u1048576
[    0.000000] Built 1 zonelists in Node order, mobility grouping on.  Total pages: 257912
[    0.000000] Policy zone: DMA32
[    0.000000] Kernel command line: BOOT_IMAGE=/boot/vmlinuz-4.4.0-187-generic root=LABEL=cloudimg-rootfs ro console=tty1 console=ttyS0
[    0.000000] PID hash table entries: 4096 (order: 3, 32768 bytes)
[    0.000000] Memory: 997660K/1048120K available (8636K kernel code, 1337K rwdata, 4040K rodata, 1492K init, 1296K bss, 50460K reserved, 0K cma-reserved)
[    0.000000] SLUB: HWalign=64, Order=0-3, MinObjects=0, CPUs=2, Nodes=1
[    0.000000] Kernel/User page tables isolation: enabled
[    0.000000] Hierarchical RCU implementation.
[    0.000000] 	Build-time adjustment of leaf fanout to 64.
[    0.000000] 	RCU restricting CPUs from NR_CPUS=512 to nr_cpu_ids=2.
[    0.000000] RCU: Adjusting geometry for rcu_fanout_leaf=64, nr_cpu_ids=2
[    0.000000] NR_IRQS:33024 nr_irqs:440 16
[    0.000000] Console: colour VGA+ 80x25
[    0.000000] console [tty1] enabled
[    0.000000] console [ttyS0] enabled
[    0.000000] tsc: Detected 2711.998 MHz processor
[    0.119944] Calibrating delay loop (skipped) preset value.. 5423.99 BogoMIPS (lpj=10847992)
[    0.121492] pid_max: default: 32768 minimum: 301
[    0.122334] ACPI: Core revision 20150930
[    0.123715] ACPI: 2 ACPI AML tables successfully acquired and loaded
[    0.125577] Security Framework initialized
[    0.126340] Yama: becoming mindful.
[    0.127058] AppArmor: AppArmor initialized
[    0.127873] Dentry cache hash table entries: 131072 (order: 8, 1048576 bytes)
[    0.130859] Inode-cache hash table entries: 65536 (order: 7, 524288 bytes)
[    0.132278] Mount-cache hash table entries: 2048 (order: 2, 16384 bytes)
[    0.133495] Mountpoint-cache hash table entries: 2048 (order: 2, 16384 bytes)
[    0.135209] Initializing cgroup subsys io
[    0.136065] Initializing cgroup subsys memory
[    0.136914] Initializing cgroup subsys devices
[    0.137778] Initializing cgroup subsys freezer
[    0.138628] Initializing cgroup subsys net_cls
[    0.139505] Initializing cgroup subsys perf_event
[    0.140398] Initializing cgroup subsys net_prio
[    0.141278] Initializing cgroup subsys hugetlb
[    0.142136] Initializing cgroup subsys pids
[    0.144613] mce: CPU supports 0 MCE banks
[    0.145432] Last level iTLB entries: 4KB 64, 2MB 8, 4MB 8
[    0.146448] Last level dTLB entries: 4KB 64, 2MB 0, 4MB 0, 1GB 4
[    0.147568] Spectre V1 : Mitigation: usercopy/swapgs barriers and __user pointer sanitization
[    0.149179] Spectre V2 : Mitigation: Full generic retpoline
[    0.150515] Spectre V2 : Spectre v2 / SpectreRSB mitigation: Filling RSB on context switch
[    0.152126] Speculative Store Bypass: Vulnerable
[    0.153017] SRBDS: Unknown: Dependent on hypervisor status
[    0.154094] MDS: Mitigation: Clear CPU buffers
[    0.157150] Freeing SMP alternatives memory: 36K
[    0.163610] ftrace: allocating 32337 entries in 127 pages
[    0.210120] smpboot: APIC(0) Converting physical 0 to logical package 0
[    0.212189] smpboot: Max logical packages: 1
[    0.213160] x2apic enabled
[    0.213880] Switched APIC routing to physical x2apic.
[    0.215698] ..TIMER: vector=0x30 apic1=0 pin1=2 apic2=-1 pin2=-1
[    0.325163] smpboot: CPU0: Intel(R) Core(TM) i7-8559U CPU @ 2.70GHz (family: 0x6, model: 0x8e, stepping: 0xa)
[    0.328133] Performance Events: unsupported p6 CPU model 142 no PMU driver, software events only.
[    0.336171] KVM setup paravirtual spinlock
[    0.338214] x86: Booting SMP configuration:
[    0.339638] .... node  #0, CPUs:      #1
[    0.340455] kvm-clock: cpu 1, msr 0:3ffe3041, secondary cpu clock
[    0.343476] mce: CPU supports 0 MCE banks
[    0.346693] x86: Booted up 1 node, 2 CPUs
[    0.348030] smpboot: Total of 2 processors activated (10847.99 BogoMIPS)
[    0.349445] devtmpfs: initialized
[    0.351470] evm: security.selinux
[    0.352122] evm: security.SMACK64
[    0.352753] evm: security.SMACK64EXEC
[    0.353539] evm: security.SMACK64TRANSMUTE
[    0.354317] evm: security.SMACK64MMAP
[    0.354999] evm: security.ima
[    0.355599] evm: security.capability
[    0.356410] clocksource: jiffies: mask: 0xffffffff max_cycles: 0xffffffff, max_idle_ns: 7645041785100000 ns
[    0.358581] futex hash table entries: 512 (order: 3, 32768 bytes)
[    0.359732] pinctrl core: initialized pinctrl subsystem
[    0.360721] RTC time:  6:41:16, date: 09/02/20
[    0.361660] NET: Registered protocol family 16
[    0.374187] cpuidle: using governor ladder
[    0.386637] cpuidle: using governor menu
[    0.389173] PCCT header not found.
[    0.390752] ACPI: bus type PCI registered
[    0.391719] acpiphp: ACPI Hot Plug PCI Controller Driver version: 0.5
[    0.393298] PCI: Using configuration type 1 for base access
[    0.407160] ACPI: Added _OSI(Module Device)
[    0.408375] ACPI: Added _OSI(Processor Device)
[    0.409222] ACPI: Added _OSI(3.0 _SCP Extensions)
[    0.410137] ACPI: Added _OSI(Processor Aggregator Device)
[    0.412207] ACPI: Executed 1 blocks of module-level executable AML code
[    0.414985] ACPI: Interpreter enabled
[    0.415690] ACPI: (supports S0 S5)
[    0.416350] ACPI: Using IOAPIC for interrupt routing
[    0.417338] PCI: Using host bridge windows from ACPI; if necessary, use "pci=nocrs" and report a bug
[    0.422430] ACPI: PCI Root Bridge [PCI0] (domain 0000 [bus 00-ff])
[    0.423635] acpi PNP0A03:00: _OSC: OS supports [ASPM ClockPM Segments MSI]
[    0.425034] acpi PNP0A03:00: _OSC: not requesting OS control; OS requires [ExtendedConfig ASPM ClockPM MSI]
[    0.426759] acpi PNP0A03:00: fail to add MMCONFIG information, can't access extended PCI configuration space under this bridge.
[    0.429023] PCI host bridge to bus 0000:00
[    0.429779] pci_bus 0000:00: root bus resource [io  0x0000-0x0cf7 window]
[    0.430935] pci_bus 0000:00: root bus resource [io  0x0d00-0xffff window]
[    0.432076] pci_bus 0000:00: root bus resource [mem 0x000a0000-0x000bffff window]
[    0.433443] pci_bus 0000:00: root bus resource [mem 0x40000000-0xfdffffff window]
[    0.434921] pci_bus 0000:00: root bus resource [bus 00-ff]
[    0.437766] pci 0000:00:01.1: legacy IDE quirk: reg 0x10: [io  0x01f0-0x01f7]
[    0.438953] pci 0000:00:01.1: legacy IDE quirk: reg 0x14: [io  0x03f6]
[    0.440094] pci 0000:00:01.1: legacy IDE quirk: reg 0x18: [io  0x0170-0x0177]
[    0.447962] pci 0000:00:01.1: legacy IDE quirk: reg 0x1c: [io  0x0376]
[    0.459516] pci 0000:00:07.0: quirk: [io  0x4000-0x403f] claimed by PIIX4 ACPI
[    0.461782] pci 0000:00:07.0: quirk: [io  0x4100-0x410f] claimed by PIIX4 SMB
[    0.467210] ACPI: PCI Interrupt Link [LNKA] (IRQs 5 9 10 *11)
[    0.469126] ACPI: PCI Interrupt Link [LNKB] (IRQs 5 9 *10 11)
[    0.470430] ACPI: PCI Interrupt Link [LNKC] (IRQs 5 *9 10 11)
[    0.471983] ACPI: PCI Interrupt Link [LNKD] (IRQs 5 9 10 *11)
[    0.473513] ACPI: Enabled 2 GPEs in block 00 to 07
[    0.474628] vgaarb: setting as boot device: PCI:0000:00:02.0
[    0.476271] vgaarb: device added: PCI:0000:00:02.0,decodes=io+mem,owns=io+mem,locks=none
[    0.477733] vgaarb: loaded
[    0.478325] vgaarb: bridge control possible 0000:00:02.0
[    0.479499] SCSI subsystem initialized
[    0.480619] ACPI: bus type USB registered
[    0.481379] usbcore: registered new interface driver usbfs
[    0.482368] usbcore: registered new interface driver hub
[    0.483333] usbcore: registered new device driver usb
[    0.484526] PCI: Using ACPI for IRQ routing
[    0.486372] NetLabel: Initializing
[    0.487037] NetLabel:  domain hash size = 128
[    0.487845] NetLabel:  protocols = UNLABELED CIPSOv4
[    0.488736] NetLabel:  unlabeled traffic allowed by default
[    0.489775] amd_nb: Cannot enumerate AMD northbridges
[    0.490791] clocksource: Switched to clocksource kvm-clock
[    0.497064] AppArmor: AppArmor Filesystem Enabled
[    0.498874] pnp: PnP ACPI init
[    0.500739] pnp: PnP ACPI: found 3 devices
[    0.509017] clocksource: acpi_pm: mask: 0xffffff max_cycles: 0xffffff, max_idle_ns: 2085701024 ns
[    0.511306] NET: Registered protocol family 2
[    0.512247] TCP established hash table entries: 8192 (order: 4, 65536 bytes)
[    0.514038] TCP bind hash table entries: 8192 (order: 5, 131072 bytes)
[    0.515150] TCP: Hash tables configured (established 8192 bind 8192)
[    0.516210] UDP hash table entries: 512 (order: 2, 16384 bytes)
[    0.517202] UDP-Lite hash table entries: 512 (order: 2, 16384 bytes)
[    0.518276] NET: Registered protocol family 1
[    0.519076] pci 0000:00:00.0: Limiting direct PCI/PCI transfers
[    0.520088] pci 0000:00:01.0: Activating ISA DMA hang workarounds
[    0.521217] Unpacking initramfs...
[    0.673889] Freeing initrd memory: 14884K
[    0.675749] clocksource: tsc: mask: 0xffffffffffffffff max_cycles: 0x27178451938, max_idle_ns: 440795251172 ns
[    0.677939] platform rtc_cmos: registered platform RTC device (no PNP device found)
[    0.679697] Scanning for low memory corruption every 60 seconds
[    0.681179] audit: initializing netlink subsys (disabled)
[    0.682304] audit: type=2000 audit(1599028881.182:1): initialized
[    0.683600] Initialise system trusted keyring
[    0.684642] HugeTLB registered 2 MB page size, pre-allocated 0 pages
[    0.686574] zbud: loaded
[    0.687473] VFS: Disk quotas dquot_6.6.0
[    0.688805] VFS: Dquot-cache hash table entries: 512 (order 0, 4096 bytes)
[    0.690123] squashfs: version 4.0 (2009/01/31) Phillip Lougher
[    0.691345] fuse init (API version 7.23)
[    0.692199] Key type big_key registered
[    0.693168] Allocating IMA MOK and blacklist keyrings.
[    0.695156] Key type asymmetric registered
[    0.695901] Asymmetric key parser 'x509' registered
[    0.696775] Block layer SCSI generic (bsg) driver version 0.4 loaded (major 249)
[    0.698264] io scheduler noop registered
[    0.699063] io scheduler deadline registered (default)
[    0.699966] io scheduler cfq registered
[    0.700722] pci_hotplug: PCI Hot Plug PCI Core version: 0.5
[    0.701774] pciehp: PCI Express Hot Plug Controller Driver version: 0.4
[    0.703190] ACPI: AC Adapter [AC] (off-line)
[    0.704388] input: Power Button as /devices/LNXSYSTM:00/LNXPWRBN:00/input/input0
[    0.705721] ACPI: Power Button [PWRF]
[    0.706454] input: Sleep Button as /devices/LNXSYSTM:00/LNXSLPBN:00/input/input1
[    0.708549] ACPI: Sleep Button [SLPF]
[    0.709723] GHES: HEST is not enabled!
[    0.710868] ACPI: Battery Slot [BAT0] (battery present)
[    0.711881] Serial: 8250/16550 driver, 32 ports, IRQ sharing enabled
[    0.733668] 00:02: ttyS0 at I/O 0x3f8 (irq = 4, base_baud = 115200) is a 16550A
[    0.736885] Linux agpgart interface v0.103
[    0.739778] loop: module loaded
[    0.741174] scsi host0: ata_piix
[    0.742147] scsi host1: ata_piix
[    0.743070] ata1: PATA max UDMA/33 cmd 0x1f0 ctl 0x3f6 bmdma 0xd000 irq 14
[    0.744333] ata2: PATA max UDMA/33 cmd 0x170 ctl 0x376 bmdma 0xd008 irq 15
[    0.745545] libphy: Fixed MDIO Bus: probed
[    0.746324] tun: Universal TUN/TAP device driver, 1.6
[    0.747241] tun: (C) 1999-2004 Max Krasnyansky <maxk@qualcomm.com>
[    0.748317] PPP generic driver version 2.4.2
[    0.749134] ehci_hcd: USB 2.0 'Enhanced' Host Controller (EHCI) Driver
[    0.750237] ehci-pci: EHCI PCI platform driver
[    0.751042] ehci-platform: EHCI generic platform driver
[    0.752002] ohci_hcd: USB 1.1 'Open' Host Controller (OHCI) Driver
[    0.753693] ohci-pci: OHCI PCI platform driver
[    0.754502] ohci-platform: OHCI generic platform driver
[    0.755451] uhci_hcd: USB Universal Host Controller Interface driver
[    0.756560] i8042: PNP: PS/2 Controller [PNP0303:PS2K,PNP0f03:PS2M] at 0x60,0x64 irq 1,12
[    0.758396] serio: i8042 KBD port at 0x60,0x64 irq 1
[    0.759337] serio: i8042 AUX port at 0x60,0x64 irq 12
[    0.760294] mousedev: PS/2 mouse device common for all mice
[    0.761658] input: AT Translated Set 2 keyboard as /devices/platform/i8042/serio0/input/input2
[    0.763280] rtc_cmos rtc_cmos: rtc core: registered rtc_cmos as rtc0
[    0.765072] rtc_cmos rtc_cmos: alarms up to one day, 114 bytes nvram
[    0.766425] i2c /dev entries driver
[    0.767279] device-mapper: uevent: version 1.0.3
[    0.768197] device-mapper: ioctl: 4.34.0-ioctl (2015-10-28) initialised: dm-devel@redhat.com
[    0.769726] ledtrig-cpu: registered to indicate activity on CPUs
[    0.771134] NET: Registered protocol family 10
[    0.772207] NET: Registered protocol family 17
[    0.773368] Key type dns_resolver registered
[    0.774686] registered taskstats version 1
[    0.775818] Loading compiled-in X.509 certificates
[    0.777089] Loaded X.509 cert 'Build time autogenerated kernel key: f06b7227f29f55afa9b8968d1b82289d30ebc7c3'
[    0.778838] zswap: loaded using pool lzo/zbud
[    0.781363] Key type trusted registered
[    0.784255] Key type encrypted registered
[    0.784996] AppArmor: AppArmor sha1 policy hashing enabled
[    0.785941] ima: No TPM chip found, activating TPM-bypass!
[    0.786884] ima: Allocated hash algorithm: sha1
[    0.787778] evm: HMAC attrs: 0x1
[    0.788632]   Magic number: 4:933:669
[    0.789376] rtc_cmos rtc_cmos: setting system clock to 2020-09-02 06:41:16 UTC (1599028876)
[    0.790947] BIOS EDD facility v0.16 2004-Jun-25, 0 devices found
[    0.791953] EDD information not available.
[    0.923166] Freeing unused kernel memory: 1492K
[    0.924636] Write protecting the kernel read-only data: 14336k
[    0.925911] Freeing unused kernel memory: 1592K
[    0.926838] Freeing unused kernel memory: 56K
Loading, please wait...
starting version 229
[    0.936431] random: systemd-udevd: uninitialized urandom read (16 bytes read, 3 bits of entropy available)
[    0.936633] random: udevadm: uninitialized urandom read (16 bytes read, 3 bits of entropy available)
[    0.936647] random: udevadm: uninitialized urandom read (16 bytes read, 3 bits of entropy available)
[    0.941458] random: systemd-udevd: uninitialized urandom read (16 bytes read, 3 bits of entropy available)
[    0.942125] random: udevadm: uninitialized urandom read (16 bytes read, 3 bits of entropy available)
[    0.942157] random: udevadm: uninitialized urandom read (16 bytes read, 3 bits of entropy available)
[    0.942252] random: udevadm: uninitialized urandom read (16 bytes read, 3 bits of entropy available)
[    0.942288] random: udevadm: uninitialized urandom read (16 bytes read, 3 bits of entropy available)
[    0.942323] random: udevadm: uninitialized urandom read (16 bytes read, 3 bits of entropy available)
[    0.942358] random: udevadm: uninitialized urandom read (16 bytes read, 3 bits of entropy available)
[    0.980029] e1000: Intel(R) PRO/1000 Network Driver - version 7.3.21-k8-NAPI
[    0.982743] e1000: Copyright (c) 1999-2006 Intel Corporation.
[    0.984027] Fusion MPT base driver 3.04.20
[    0.984911] Copyright (c) 1999-2008 LSI Corporation
[    0.988680] Fusion MPT SPI Host driver 3.04.20
[    0.997392] AVX2 version of gcm_enc/dec engaged.
[    0.998902] AES CTR mode by8 optimization enabled
[    1.183831] input: ImExPS/2 Generic Explorer Mouse as /devices/platform/i8042/serio1/input/input4
[    1.351211] e1000 0000:00:03.0 eth0: (PCI:33MHz:32-bit) 02:98:c6:81:17:55
[    1.353149] e1000 0000:00:03.0 eth0: Intel(R) PRO/1000 Network Connection
[    1.355834] e1000 0000:00:03.0 enp0s3: renamed from eth0
[    1.356859] mptbase: ioc0: Initiating bringup
[    1.423696] ioc0: LSI53C1030 A0: Capabilities={Initiator}
[    1.589497] scsi host2: ioc0: LSI53C1030 A0, FwRev=00000000h, Ports=1, MaxQ=256, IRQ=20
[    1.703671] scsi 2:0:0:0: Direct-Access     VBOX     HARDDISK         1.0  PQ: 0 ANSI: 5
[    1.706268] scsi target2:0:0: Beginning Domain Validation
[    1.709078] scsi target2:0:0: Domain Validation skipping write tests
[    1.710627] scsi target2:0:0: Ending Domain Validation
[    1.711958] scsi target2:0:0: asynchronous
[    1.713634] scsi 2:0:1:0: Direct-Access     VBOX     HARDDISK         1.0  PQ: 0 ANSI: 5
[    1.715850] scsi target2:0:1: Beginning Domain Validation
[    1.717871] scsi target2:0:1: Domain Validation skipping write tests
[    1.719250] scsi target2:0:1: Ending Domain Validation
[    1.727960] scsi target2:0:1: asynchronous
[    1.733136] sd 2:0:0:0: [sda] 20971520 512-byte logical blocks: (10.7 GB/10.0 GiB)
[    1.733307] sd 2:0:0:0: Attached scsi generic sg0 type 0
[    1.733771] sd 2:0:1:0: [sdb] 20480 512-byte logical blocks: (10.5 MB/10.0 MiB)
[    1.733952] sd 2:0:1:0: [sdb] Write Protect is off
[    1.734073] sd 2:0:1:0: [sdb] Incomplete mode parameter data
[    1.734074] sd 2:0:1:0: [sdb] Assuming drive cache: write through
[    1.734097] sd 2:0:1:0: Attached scsi generic sg1 type 0
[    1.735418] sd 2:0:1:0: [sdb] Attached SCSI disk
[    1.742603] sd 2:0:0:0: [sda] Write Protect is off
[    1.744394] sd 2:0:0:0: [sda] Incomplete mode parameter data
[    1.745376] sd 2:0:0:0: [sda] Assuming drive cache: write through
[    1.747676]  sda: sda1
[    1.748663] sd 2:0:0:0: [sda] Attached SCSI disk
Begin: Loading essential drivers ... [    2.973239] md: linear personality registered for level -1
[    2.977146] md: multipath personality registered for level -4
[    2.980082] md: raid0 personality registered for level 0
[    2.984067] md: raid1 personality registered for level 1
[    3.055047] raid6: sse2x1   gen() 14847 MB/s
[    3.123106] raid6: sse2x1   xor() 11299 MB/s
[    3.190914] raid6: sse2x2   gen() 18806 MB/s
[    3.259047] raid6: sse2x2   xor() 12622 MB/s
[    3.326933] raid6: sse2x4   gen() 18133 MB/s
[    3.394865] raid6: sse2x4   xor() 10814 MB/s
[    3.462953] raid6: avx2x1   gen() 23282 MB/s
[    3.531023] raid6: avx2x2   gen() 31304 MB/s
[    3.598989] raid6: avx2x4   gen() 37970 MB/s
[    3.600552] raid6: using algorithm avx2x4 gen() 37970 MB/s
[    3.602219] raid6: using avx2x2 recovery algorithm
[    3.604139] xor: automatically using best checksumming function:
[    3.643108]    avx       : 30840.000 MB/sec
[    3.645466] async_tx: api initialized (async)
[    3.654055] md: raid6 personality registered for level 6
[    3.655889] md: raid5 personality registered for level 5
[    3.657521] md: raid4 personality registered for level 4
[    3.662911] md: raid10 personality registered for level 10
done.
Begin: Running /scripts/init-premount ... done.
Begin: Mounting root file system ... Begin: Running /scripts/local-top ... done.
Begin: Running /scripts/local-premount ... [    3.686919] Btrfs loaded
Scanning for Btrfs filesystems
done.
Warning: fsck not present, so skipping root file system
[    3.703935] EXT4-fs (sda1): mounted filesystem with ordered data mode. Opts: (null)
done.
Begin: Running /scripts/local-bottom ... done.
Begin: Running /scripts/init-bottom ... done.
[    3.749006] systemd[1]: systemd 229 running in system mode. (+PAM +AUDIT +SELINUX +IMA +APPARMOR +SMACK +SYSVINIT +UTMP +LIBCRYPTSETUP +GCRYPT +GNUTLS +ACL +XZ -LZ4 +SECCOMP +BLKID +ELFUTILS +KMOD -IDN)
[    3.752217] systemd[1]: Detected virtualization oracle.
[    3.753754] systemd[1]: Detected architecture x86-64.

Welcome to [1mUbuntu 16.04.7 LTS[0m!

[    3.756564] systemd[1]: Set hostname to <ubuntu>.
[    3.758155] systemd[1]: Initializing machine ID from random generator.
[    3.759416] systemd[1]: Installed transient /etc/machine-id file.
[    3.880380] systemd[1]: Listening on Syslog Socket.
[[0;32m  OK  [0m] Listening on Syslog Socket.
[    3.882221] systemd[1]: Started Forward Password Requests to Wall Directory Watch.
[[0;32m  OK  [0m] Started Forward Password Requests to Wall Directory Watch.
[    3.884835] systemd[1]: Listening on LVM2 poll daemon socket.
[[0;32m  OK  [0m] Listening on LVM2 poll daemon socket.
[    3.886769] systemd[1]: Reached target Encrypted Volumes.
[[0;32m  OK  [0m] Reached target Encrypted Volumes.
[    3.888638] systemd[1]: Listening on Journal Socket.
[[0;32m  OK  [0m] Listening on Journal Socket.
[    3.890448] systemd[1]: Listening on Device-mapper event daemon FIFOs.
[[0;32m  OK  [0m] Listening on Device-mapper event daemon FIFOs.
[    3.892553] systemd[1]: Reached target Swap.
[[0;32m  OK  [0m] Reached target Swap.
[    3.894443] systemd[1]: Listening on /dev/initctl Compatibility Named Pipe.
[[0;32m  OK  [0m] Listening on /dev/initctl Compatibility Named Pipe.
[    3.896677] systemd[1]: Listening on udev Control Socket.
[[0;32m  OK  [0m] Listening on udev Control Socket.
[    3.898470] systemd[1]: Reached target System Time Synchronized.
[[0;32m  OK  [0m] Reached target System Time Synchronized.
[    3.900480] systemd[1]: Listening on Journal Audit Socket.
[[0;32m  OK  [0m] Listening on Journal Audit Socket.
[    3.902490] systemd[1]: Created slice System Slice.
[[0;32m  OK  [0m] Created slice System Slice.
[    3.915905] systemd[1]: Starting Load Kernel Modules...
         Starting Load Kernel Modules...
[    3.918965] systemd[1]: Mounting Huge Pages File System...
         Mounting Huge Pages File System...
[    3.922579] systemd[1]: Mounting Debug File System...
         Mounting Debug File System...
[    3.926509] systemd[1]: Starting Remount Root and Kernel File Systems...
[    3.926532] Loading iSCSI transport class v2.0-870.
         Starting Remount Root and Kernel File Systems...
[    3.930052] systemd[1]: Created slice User and Session Slice.
[[0;32m  OK  [0[    3.931374] EXT4-fs (sda1): re-mounted. Opts: (null)
m] Created slice User and Session Slice.
[    3.932765] systemd[1]: Reached target Slices.
[[0;32m  OK  [0m] Reached target Slices.
[    3.934565] iscsi: registered transport (tcp)
[    3.934585] systemd[1]: Reached target User and Group Name Lookups.
[[0;32m  OK  [0m] Reached target User and Group Name Lookups.
[    3.937708] systemd[1]: Listening on Journal Socket (/dev/log).
[[0;32m  OK  [0m] Listening on Journal Socket (/dev/log).
[    3.941368] systemd[1]: Starting Journal Service...
         Starting Journal Service...
[    3.945877] systemd[1]: Mounting POSIX Message Queue File System...
         Mounting POSIX Message Queue File System...
[    3.950073] systemd[1]: Started Trigger resolvconf update for networkd DNS.
[[0;32m  OK  [0m] Started Trigger resolvconf update for networkd DNS.
[    3.954832] systemd[1]: Listening on udev Kernel Socket.
[[0;32m  OK  [0m] Listening on udev Kernel Socket.
[    3.956850] systemd[1]: Set up automount Arbitrary Executable File Formats File System Automount Point.
[[0;32m  OK  [0m] Set up automount Arbitrary Executab...ats File System Automount Point.
[    3.969151] iscsi: registered transport (iser)
[    3.979700] systemd[1]: Starting Create list of required static device nodes for the current kernel...
         Starting Create list of required st... nodes for the current kernel...
[    3.984458] systemd[1]: Created slice system-serial\x2dgetty.slice.
[[0;32m  OK  [0m] Created slice system-serial\x2dgetty.slice.
[    3.987585] systemd[1]: Starting Nameserver information manager...
         Starting Nameserver information manager...
[    3.990363] systemd[1]: Starting Set console keymap...
         Starting Set console keymap...
[    3.992496] systemd[1]: Starting Uncomplicated firewall...
         Starting Uncomplicated firewall...
[    3.994775] systemd[1]: Listening on LVM2 metadata daemon socket.
[[0;32m  OK  [0m] Listening on LVM2 metadata daemon socket.
[    3.997444] systemd[1]: Starting Monitoring of LVM2 mirrors, snapshots etc. using dmeventd or progress polling...
         Starting Monitoring of LVM2 mirrors... dmeventd or progress polling...
[    4.002211] systemd[1]: Mounted Huge Pages File System.
[[0;32m  OK  [0m] Mounted Huge Pages File System.
[    4.004783] systemd[1]: Mounted POSIX Message Queue File System.
[[0;32m  OK  [0m] Mounted POSIX Message Queue File System.
[    4.007189] systemd[1]: Mounted Debug File System.
[[0;32m  OK  [0m] Mounted Debug File System.
[    4.009096] systemd[1]: Started Journal Service.
[[0;32m  OK  [0m] Started Journal Service.
[[0;32m  OK  [0m] Started Load Kernel Modules.
[[0;32m  OK  [0m] Started Remount Root and Kernel File Systems.
[[0;32m  OK  [0m] Started Create list of required sta...ce nodes for the current kernel.
[[0;32m  OK  [0m] Started Set console keymap.
[[0;32m  OK  [0m] Started Uncomplicated firewall.
[[0;32m  OK  [0m] Started Nameserver information manager.
[[0;32m  OK  [0m] Started LVM2 metadata daemon.
         Starting Create Static Device Nodes in /dev...
         Starting udev Coldplug all Devices...
         Starting Load/Save Random Seed...
         Mounting FUSE Control File System...
         Starting Apply Kernel Variables...
         Starting Flush Journal to Persistent Storage...
[[0;32m  OK  [0m] Mounted FUSE Control File System.
[[0;32m  OK  [0m] Started Create Static Device Nodes in /dev.
[[0;32m  OK  [0m] Started Load/Save Random Seed.
[[0;32m  OK  [0m] Started Apply Kernel Variables.
         Starting udev Kernel Device Manager...
[[0;32m  OK  [0m] Started Flush Journal to Persistent Storage.
[[0;32m  OK  [0m] Started udev Kernel Device Manager.
[[0;32m  OK  [0m] Started udev Coldplug all Devices.
[[0;32m  OK  [0m] Started Dispatch Password Requests to Console Directory Watch.
[[0;32m  OK  [0m] Found device /dev/ttyS0.
[[0;32m  OK  [0m] Listening on Load/Save RF Kill Switch Status /dev/rfkill Watch.
[[0;32m  OK  [0m] Started Monitoring of LVM2 mirrors,...ng dmeventd or progress polling.
[[0;32m  OK  [0m] Reached target Local File Systems (Pre).
[[0;32m  OK  [0m] Reached target Local File Systems.
         Starting Create Volatile Files and Directories...
         Starting Tell Plymouth To Write Out Runtime Data...
         Starting Commit a transient machine-id on disk...
         Starting Set console font and keymap...
         Starting Initial cloud-init job (pre-networking)...
         Starting LSB: AppArmor initialization...
[[0;32m  OK  [0m] Started Create Volatile Files and Directories.
[[0;32m  OK  [0m] Started Tell Plymouth To Write Out Runtime Data.
[[0;32m  OK  [0m] Started Commit a transient machine-id on disk.
         Starting Update UTMP about System Boot/Shutdown...
[[0;32m  OK  [0m] Started Update UTMP about System Boot/Shutdown.
[[0;32m  OK  [0m] Started LSB: AppArmor initialization.
         Starting Load AppArmor profiles managed internally by snapd...
[[0;32m  OK  [0m] Started Load AppArmor profiles managed internally by snapd.
[    5.170442] cloud-init[630]: Cloud-init v. 20.2-45-g5f7825e2-0ubuntu1~16.04.1 running 'init-local' at Wed, 02 Sep 2020 06:41:20 +0000. Up 4.88 seconds.
[[0;32m  OK  [0m] Started Set console font and keymap.
[[0;32m  OK  [0m] Created slice system-getty.slice.
[[0;32m  OK  [0m] Started Initial cloud-init job (pre-networking).
[[0;32m  OK  [0m] Reached target Network (Pre).
         Starting Raise network interfaces...
[[0;32m  OK  [0m] Started Raise network interfaces.
         Starting Initial cloud-init job (metadata service crawler)...
[[0;32m  OK  [0m] Reached target Network.
[    5.795841] cloud-init[953]: Cloud-init v. 20.2-45-g5f7825e2-0ubuntu1~16.04.1 running 'init' at Wed, 02 Sep 2020 06:41:21 +0000. Up 5.53 seconds.
[    5.797826] cloud-init[953]: ci-info: ++++++++++++++++++++++++++++++++++++++Net device info++++++++++++++++++++++++++++++++++++++
[    5.799738] cloud-init[953]: ci-info: +--------+------+----------------------------+---------------+--------+-------------------+
[    5.801480] cloud-init[953]: ci-info: | Device |  Up  |          Address           |      Mask     | Scope  |     Hw-Address    |
[    5.803196] cloud-init[953]: ci-info: +--------+------+----------------------------+---------------+--------+-------------------+
[    5.805126] cloud-init[953]: ci-info: | enp0s3 | True |         10.0.2.15          | 255.255.255.0 | global | 02:98:c6:81:17:55 |
[    5.806831] cloud-init[953]: ci-info: | enp0s3 | True | fe80::98:c6ff:fe81:1755/64 |       .       |  link  | 02:98:c6:81:17:55 |
[    5.808538] cloud-init[953]: ci-info: |   lo   | True |         127.0.0.1          |   255.0.0.0   |  host  |         .         |
[    5.810247] cloud-init[953]: ci-info: |   lo   | True |          ::1/128           |       .       |  host  |         .         |
[    5.811947] cloud-init[953]: ci-info: +--------+------+----------------------------+---------------+--------+-------------------+
[    5.813686] cloud-init[953]: ci-info: +++++++++++++++++++++++++++Route IPv4 info++++++++++++++++++++++++++++
[    5.815170] cloud-init[953]: ci-info: +-------+-------------+----------+---------------+-----------+-------+
[    5.816662] cloud-init[953]: ci-info: | Route | Destination | Gateway  |    Genmask    | Interface | Flags |
[    5.818150] cloud-init[953]: ci-info: +-------+-------------+----------+---------------+-----------+-------+
[    5.819636] cloud-init[953]: ci-info: |   0   |   0.0.0.0   | 10.0.2.2 |    0.0.0.0    |   enp0s3  |   UG  |
[    5.821137] cloud-init[953]: ci-info: |   1   |   10.0.2.0  | 0.0.0.0  | 255.255.255.0 |   enp0s3  |   U   |
[    5.822620] cloud-init[953]: ci-info: +-------+-------------+----------+---------------+-----------+-------+
[    5.824169] cloud-init[953]: ci-info: +++++++++++++++++++Route IPv6 info+++++++++++++++++++
[    5.825471] cloud-init[953]: ci-info: +-------+-------------+---------+-----------+-------+
[    5.826773] cloud-init[953]: ci-info: | Route | Destination | Gateway | Interface | Flags |
[    5.828113] cloud-init[953]: ci-info: +-------+-------------+---------+-----------+-------+
[    5.829420] cloud-init[953]: ci-info: |   0   |  fe80::/64  |    ::   |   enp0s3  |   U   |
[    5.830723] cloud-init[953]: ci-info: |   3   |   ff00::/8  |    ::   |   enp0s3  |   U   |
[    5.832022] cloud-init[953]: ci-info: +-------+-------------+---------+-----------+-------+
[    5.833469] cloud-init[953]: Generating public/private rsa key pair.
[    5.834558] cloud-init[953]: Your identification has been saved in /etc/ssh/ssh_host_rsa_key.
[    5.835892] cloud-init[953]: Your public key has been saved in /etc/ssh/ssh_host_rsa_key.pub.
[    5.837263] cloud-init[953]: The key fingerprint is:
[    5.838168] cloud-init[953]: SHA256:IYifUMLIweR59MEvLaT+N/79tvUgdosK02ww7kQpxY8 root@ubuntu-xenial
[    5.839551] cloud-init[953]: The key's randomart image is:
[    5.840531] cloud-init[953]: +---[RSA 2048]----+
[    5.841395] cloud-init[953]: |+=o.o.           |
[    5.842257] cloud-init[953]: |oo++.+..         |
[    5.843119] cloud-init[953]: | oo.+.+ +        |
[    5.843978] cloud-init[953]: |  .+ + = =       |
[    5.844874] cloud-init[953]: |  . o + E .      |
[    5.845703] cloud-init[953]: |   .   + =       |
[    5.846608] cloud-init[953]: |    .   = + o o. |
[    5.847467] cloud-init[953]: |     . = +.. =.o.|
[    5.848335] cloud-init[953]: |      o.+..o+oo .|
[    5.849198] cloud-init[953]: +----[SHA256]-----+
[    5.850058] cloud-init[953]: Generating public/private dsa key pair.
[    5.851125] cloud-init[953]: Your identification has been saved in /etc/ssh/ssh_host_dsa_key.
[    5.852455] cloud-init[953]: Your public key has been saved in /etc/ssh/ssh_host_dsa_key.pub.
[    5.853814] cloud-init[953]: The key fingerprint is:
[    5.854758] cloud-init[953]: SHA256:vqhKZHAwN9lDkLxuyTfZahK90GBfFo8BEaZP2xYq6tw root@ubuntu-xenial
[    5.856160] cloud-init[953]: The key's randomart image is:
[    5.857235] cloud-init[953]: +---[DSA 1024]----+
[    5.858112] cloud-init[953]: |o.+**+           |
[    5.858985] cloud-init[953]: | +++o o          |
[    5.859824] cloud-init[953]: |. o....=         |
[    5.860735] cloud-init[953]: | o+o ++..        |
[    5.861605] cloud-init[953]: | ++*+=o S        |
[    5.862477] cloud-init[953]: | +B.B...         |
[    5.863554] cloud-init[953]: |...+ +  .        |
[    5.864404] cloud-init[953]: |o.o +  . .       |
[    5.865312] cloud-init[953]: | o.E... .        |
[    5.866151] cloud-init[953]: +----[SHA256]-----+
[    5.867022] cloud-init[953]: Generating public/private ecdsa key pair.
[    5.868144] cloud-init[953]: Your identification has been saved in /etc/ssh/ssh_host_ecdsa_key.
[    5.869599] cloud-init[953]: Your public key has been saved in /etc/ssh/ssh_host_ecdsa_key.pub.
[    5.870952] cloud-init[953]: The key fingerprint is:
[    5.871898] cloud-init[953]: SHA256:iG3QKWydZCmNvN2QEehaz09/BGhHLsyEiliYIloUoHo root@ubuntu-xenial
[    5.873341] cloud-init[953]: The key's randomart image is:
[    5.874346] cloud-init[953]: +---[ECDSA 256]---+
[    5.875219] cloud-init[953]: |.=oo +=*         |
[    5.876091] cloud-init[953]: |* o.==*o. .      |
[    5.877044] cloud-init[953]: |=+ o===* +       |
[    5.877973] cloud-init[953]: |+ ..==..B +      |
[    5.878847] cloud-init[953]: |. Eo.o+.So .     |
[    5.879722] cloud-init[953]: | ..  .o .   .    |
[    5.880641] cloud-init[953]: |       o . .     |
[    5.881517] cloud-init[953]: |        . . .    |
[    5.882426] cloud-init[953]: |           .     |
[    5.883465] cloud-init[953]: +----[SHA256]-----+
[    5.884371] cloud-init[953]: Generating public/private ed25519 key pair.
[    5.885424] cloud-init[953]: Your identification has been saved in /etc/ssh/ssh_host_ed25519_key.
[    5.886846] cloud-init[953]: Your public key has been saved in /etc/ssh/ssh_host_ed25519_key.pub.
[    5.888266] cloud-init[953]: The key fingerprint is:
[    5.889185] cloud-init[953]: SHA256:YBgxBatYedXxHF7nNT1B0kBGGtnZXNx/mOUckTeFG2k root@ubuntu-xenial
[    5.890570] cloud-init[953]: The key's randomart image is:
[    5.891620] cloud-init[953]: +--[ED25519 256]--+
[    5.892513] cloud-init[953]: |    =+o.....**OO%|
[    5.893390] cloud-init[953]: |   . *  .+ ++=EXB|
[    5.894237] cloud-init[953]: |  o + o   +. ..O*|
[    5.894992] cloud-init[953]: | o o . .      + =|
[    5.895924] cloud-init[953]: |. .     S       .|
[    5.896817] cloud-init[953]: |                 |
[    5.897682] cloud-init[953]: |                 |
[    5.898597] cloud-init[953]: |                 |
[    5.899501] cloud-init[953]: |                 |
[    5.900401] cloud-init[953]: +----[SHA256]-----+
[[0;32m  OK  [0m] Started Initial cloud-init job (metadata service crawler).
[[0;32m  OK  [0m] Reached target System Initialization.
         Starting Socket activation for snappy daemon.
[[0;32m  OK  [0m] Listening on UUID daemon activation socket.
[[0;32m  OK  [0m] Started Message of the Day.
[[0;32m  OK  [0m] Listening on ACPID Listen Socket.
[[0;32m  OK  [0m] Started ACPI Events Check.
[[0;32m  OK  [0m] Reached target Paths.
[[0;32m  OK  [0m] Started Daily Cleanup of Temporary Directories.
[[0;32m  OK  [0m] Started Daily apt download activities.
[[0;32m  OK  [0m] Started Daily apt upgrade and clean activities.
[[0;32m  OK  [0m] Reached target Timers.
         Starting LXD - unix socket.
[[0;32m  OK  [0m] Listening on D-Bus System Message Bus Socket.
[[0;32m  OK  [0m] Reached target Network is Online.
         Starting iSCSI initiator daemon (iscsid)...
[[0;32m  OK  [0m] Reached target Cloud-config availability.
[[0;32m  OK  [0m] Listening on Socket activation for snappy daemon.
[[0;32m  OK  [0m] Listening on LXD - unix socket.
[[0;32m  OK  [0m] Reached target Sockets.
[[0;32m  OK  [0m] Reached target Basic System.
         Starting /etc/rc.local Compatibility...
         Starting LSB: Record successful boot for GRUB...
[[0;32m  OK  [0m] Started Regular background program processing daemon.
         Starting System Logging Service...
[[0;32m  OK  [0m] Started FUSE filesystem for LXC.
         Starting Pollinate to seed the pseudo random number generator...
         Starting Virtualbox guest utils...
         Starting LXD - container startup/shutdown...
[[0;32m  OK  [0m] Started D-Bus System Message Bus.
[[0;32m  OK  [0m] Started ACPI event daemon.
[[0;32m  OK  [0m] Started Deferred execution scheduler.
         Starting Snap Daemon...
         Starting Accounts Service...
         Starting LSB: MD monitoring daemon...
         Starting Login Service...
[[0;32m  OK  [0m] Started System Logging Service.
[[0;32m  OK  [0m] Started iSCSI initiator daemon (iscsid).
[[0;32m  OK  [0m] Started /etc/rc.local Compatibility.
         Starting Login to default iSCSI targets...
[[0;32m  OK  [0m] Started LXD - container startup/shutdown.
[[0;32m  OK  [0m] Started Login Service.
[[0;32m  OK  [0m] Started Unattended Upgrades Shutdown.
[[0;32m  OK  [0m] Started LSB: Record successful boot for GRUB.
[[0;32m  OK  [0m] Started LSB: MD monitoring daemon.
[[0;32m  OK  [0m] Started Login to default iSCSI targets.
[[0;32m  OK  [0m] Reached target Remote File Systems (Pre).
[[0;32m  OK  [0m] Reached target Remote File Systems.
         Starting Permit User Sessions...
         Starting LSB: daemon to balance interrupts for SMP systems...
         Starting LSB: automatic crash report generation...
         Starting LSB: Set the CPU Frequency Scaling governor to "ondemand"...
[[0;32m  OK  [0m] Started Permit User Sessions.
         Starting Authenticate and Authorize Users to Run Privileged Tasks...
         Starting Terminate Plymouth Boot Screen...
         Starting Hold until boot process finishes up...
[[0;32m  OK  [0m] Started Hold until boot process finishes up.
[[0;32m  OK  [0m] Started LSB: daemon to balance interrupts for SMP systems.
[[0;32m  OK  [0m] Started LSB: Set the CPU Frequency Scaling governor to "ondemand".
[[0;32m  OK  [0m] Started Terminate Plymouth Boot Screen.
[[0;32m  OK  [0m] Started Getty on tty1.
[[0;32m  OK  [0m] Started Serial Getty on ttyS0.
[[0;32m  OK  [0m] Reached target Login Prompts.
         Starting Set console scheme...
[[0;32m  OK  [0m] Started Virtualbox guest utils.
[[0;32m  OK  [0m] Started LSB: automatic crash report generation.
[[0;32m  OK  [0m] Started Set console scheme.
[[0;32m  OK  [0m] Started Authenticate and Authorize Users to Run Privileged Tasks.
[[0;32m  OK  [0m] Started Accounts Service.
[[0;32m  OK  [0m] Started Snap Daemon.
         Starting Wait until snapd is fully seeded...
[[0;32m  OK  [0m] Started Pollinate to seed the pseudo random number generator.
         Starting OpenBSD Secure Shell server...
[[0;32m  OK  [0m] Started OpenBSD Secure Shell server.
[[0;32m  OK  [0m] Started Wait until snapd is fully seeded.
[[0;32m  OK  [0m] Reached target Multi-User System.
[[0;32m  OK  [0m] Reached target Graphical Interface.
         Starting Update UTMP about System Runlevel Changes...
         Starting Apply the settings specified in cloud-config...
[[0;32m  OK  [0m] Started Update UTMP about System Runlevel Changes.
[    7.085957] cloud-init[1317]: Generating locales (this might take a while)...
[    7.597892] cloud-init[1317]:   en_US.UTF-8... done
[    7.599438] cloud-init[1317]: Generation complete.
[    7.774882] cloud-init[1317]: Cloud-init v. 20.2-45-g5f7825e2-0ubuntu1~16.04.1 running 'modules:config' at Wed, 02 Sep 2020 06:41:22 +0000. Up 7.02 seconds.
[[0;32m  OK  [0m] Started Apply the settings specified in cloud-config.
         Starting Execute cloud user/final scripts...
ci-info: no authorized SSH keys fingerprints found for user ubuntu.
<14>Sep  2 06:41:23 ec2: 
<14>Sep  2 06:41:23 ec2: #############################################################
<14>Sep  2 06:41:23 ec2: -----BEGIN SSH HOST KEY FINGERPRINTS-----
<14>Sep  2 06:41:23 ec2: 1024 SHA256:vqhKZHAwN9lDkLxuyTfZahK90GBfFo8BEaZP2xYq6tw root@ubuntu-xenial (DSA)
<14>Sep  2 06:41:23 ec2: 256 SHA256:iG3QKWydZCmNvN2QEehaz09/BGhHLsyEiliYIloUoHo root@ubuntu-xenial (ECDSA)
<14>Sep  2 06:41:23 ec2: 256 SHA256:YBgxBatYedXxHF7nNT1B0kBGGtnZXNx/mOUckTeFG2k root@ubuntu-xenial (ED25519)
<14>Sep  2 06:41:23 ec2: 2048 SHA256:IYifUMLIweR59MEvLaT+N/79tvUgdosK02ww7kQpxY8 root@ubuntu-xenial (RSA)
<14>Sep  2 06:41:23 ec2: -----END SSH HOST KEY FINGERPRINTS-----
<14>Sep  2 06:41:23 ec2: #############################################################
-----BEGIN SSH HOST KEY KEYS-----
ecdsa-sha2-nistp256 AAAAE2VjZHNhLXNoYTItbmlzdHAyNTYAAAAIbmlzdHAyNTYAAABBBHSYbwAI84s5rNDRMai/X0wNpXedOU7/hCQ8NzKbWe0P7ZryMijssARSkNzTYcsUAl/uUuZPucsrBgHPQ4sN/p8= root@ubuntu-xenial
ssh-ed25519 AAAAC3NzaC1lZDI1NTE5AAAAIPrTUf0btVOpIeJ57t25giL4LzQSR3x0AuNSqNe6cMu6 root@ubuntu-xenial
ssh-rsa AAAAB3NzaC1yc2EAAAADAQABAAABAQCv26JZoLNYPNsQiZzDe2AEkNiHsLfpcBct3BMZTllxHDHwRbvCN5kMmwnG6j6uYF/qZaDtMQuffNYGfzxq4cO7372D/82ej+a6TgFQhw0I+dQ7aIKlfaXP9Ry/NRe9Fs7BSeEQhHHWHYdmurn3vwszvFG33AJa2XDOQZNiLcz8CiB3/kHsKpo2LO90inh5avhHpWuroeO/KiKU6FsQuJPr3QMEhf7AXgivc3Edjb6HPktQAY9x1ZmgzwFWf22vH3oa5rbdCTodD/8bbK5JxDdpbjXvMSrw93e5yqzuWn7g84Y2ae1n8YYxEcTz+XMrC7iVj2GenBHU8lWZqZeyCCKf root@ubuntu-xenial
-----END SSH HOST KEY KEYS-----
[    8.077797] cloud-init[1359]: Cloud-init v. 20.2-45-g5f7825e2-0ubuntu1~16.04.1 running 'modules:final' at Wed, 02 Sep 2020 06:41:23 +0000. Up 7.97 seconds.
[    8.084452] cloud-init[1359]: ci-info: no authorized SSH keys fingerprints found for user ubuntu.
[    8.085449] cloud-init[1359]: Cloud-init v. 20.2-45-g5f7825e2-0ubuntu1~16.04.1 finished at Wed, 02 Sep 2020 06:41:23 +0000. Datasource DataSourceNoCloud [seed=/dev/sdb][dsmode=net].  Up 8.07 seconds
[[0;32m  OK  [0m] Started Execute cloud user/final scripts.
[[0;32m  OK  [0m] Reached target Cloud-init target.

Ubuntu 16.04.7 LTS ubuntu-xenial ttyS0

ubuntu-xenial login: 